<?xml version="1.0" encoding="UTF-8"?>
<testng-results ignored="0" total="1" passed="1" failed="0" skipped="0">
  <reporter-output>
  </reporter-output>
  <suite started-at="2022-05-04T11:40:11 NZST" name="Command line suite" finished-at="2022-05-04T11:40:12 NZST" duration-ms="1075">
    <groups>
    </groups>
    <test started-at="2022-05-04T11:40:11 NZST" name="Command line test" finished-at="2022-05-04T11:40:12 NZST" duration-ms="1075">
      <class name="com.nahidmahmud.javaapiautomation101.reqresin.GetUserTest">
        <test-method signature="test_learning_getMethodUserById()[pri:0, instance:test_learning_getMethodUserById(com.nahidmahmud.javaapiautomation101.reqresin.GetUserTest)]" started-at="2022-05-04T11:40:11 NZST" name="test_learning_getMethodUserById" finished-at="2022-05-04T11:40:12 NZST" duration-ms="1055" status="PASS">
          <reporter-output>
          </reporter-output>
        </test-method> <!-- test_learning_getMethodUserById -->
      </class> <!-- com.nahidmahmud.javaapiautomation101.reqresin.GetUserTest -->
    </test> <!-- Command line test -->
  </suite> <!-- Command line suite -->
</testng-results>
