<?xml version="1.0" encoding="UTF-8"?>
<!-- Generated by org.testng.reporters.JUnitXMLReporter -->
<testsuite ignored="0" hostname="DC5CG138867R" failures="1" tests="10" name="Command line test" time="9.058" errors="0" timestamp="2022-04-22T16:21:33 NZST">
  <testcase classname="com.nahidmahmud.javaapiautomation101.reqresin.CreateUserTest" name="postMethodByJson" time="2.239"/>
  <testcase classname="com.nahidmahmud.javaapiautomation101.reqresin.DeleteUserTest" name="deleteMethodByJson" time="0.751"/>
  <testcase classname="com.nahidmahmud.javaapiautomation101.reqresin.UpdatePatchUserTest" name="patchMethodByJson" time="0.735"/>
  <testcase classname="com.nahidmahmud.javaapiautomation101.reqresin.UpdateUserTest" name="putMethodByJson" time="0.727"/>
  <testcase classname="com.nahidmahmud.javaapiautomation101.reqresin.UserLoginTest" name="userLogin" time="0.692"/>
  <testcase classname="com.nahidmahmud.javaapiautomation101.reqresin.UserRegisterTest" name="userRegistration" time="0.694"/>
  <testcase classname="dummy.restapiexample.com.CreateEmployeeIDTest" name="CreateNewEmployee" time="0.831"/>
  <testcase classname="dummy.restapiexample.com.DeleteEmployeeDataTest" name="DeleteEmployeeID" time="0.813">
    <failure type="io.restassured.path.json.exception.JsonPathException" message="Failed to parse the JSON document">
      <![CDATA[io.restassured.path.json.exception.JsonPathException: Failed to parse the JSON document
at io.restassured.path.json.JsonPath$ExceptionCatcher.invoke(JsonPath.java:1002)
at io.restassured.path.json.JsonPath$4.doParseWith(JsonPath.java:967)
at io.restassured.path.json.JsonPath$JsonParser.parseWith(JsonPath.java:1047)
at io.restassured.path.json.JsonPath.get(JsonPath.java:202)
at dummy.restapiexample.com.DeleteEmployeeDataTest.DeleteEmployeeID(DeleteEmployeeDataTest.java:32)
at java.base/java.util.ArrayList.forEach(ArrayList.java:1511)
Caused by: groovy.json.JsonException: Lexing failed on line: 1, column: 1, while reading '<', no possible valid JSON value or punctuation could be recognized.
at groovy.json.JsonLexer.nextToken(JsonLexer.java:86)
at groovy.json.JsonLexer$nextToken.call(Unknown Source)
at io.restassured.internal.path.json.ConfigurableJsonSlurper.parse(ConfigurableJsonSlurper.groovy:97)
at io.restassured.internal.path.json.ConfigurableJsonSlurper$parse.callCurrent(Unknown Source)
at io.restassured.internal.path.json.ConfigurableJsonSlurper.parseText(ConfigurableJsonSlurper.groovy:83)
at io.restassured.path.json.JsonPath$4$1.method(JsonPath.java:965)
at io.restassured.path.json.JsonPath$ExceptionCatcher.invoke(JsonPath.java:1000)
... 38 more
... Removed 33 stack frames]]>
    </failure>
  </testcase> <!-- DeleteEmployeeID -->
  <testcase classname="dummy.restapiexample.com.GetAllEmployeeDataTest" name="allEmployeeData" time="0.793"/>
  <testcase classname="dummy.restapiexample.com.UpdateEmployeeIDTest" name="UpdateEmployeeID" time="0.748"/>
</testsuite> <!-- Command line test -->
