<?xml version="1.0" encoding="UTF-8"?>
<!-- Generated by org.testng.reporters.JUnitXMLReporter -->
<testsuite ignored="0" hostname="DC5CG138867R" failures="0" tests="1" name="Command line test" time="0.297" errors="0" timestamp="2022-05-10T13:30:44 NZST">
  <testcase classname="com.nahidmahmud.javaapiautomation101.reqresin.GetUserTest" name="test_learning_getMethodUserById on test_learning_getMethodUserById(com.nahidmahmud.javaapiautomation101.reqresin.GetUserTest)" time="0.288"/>
</testsuite> <!-- Command line test -->
