<?xml version="1.0" encoding="UTF-8"?>
<!-- Generated by org.testng.reporters.JUnitXMLReporter -->
<testsuite ignored="0" hostname="DC5CG138867R" failures="0" tests="1" name="Command line test" time="0.204" errors="0" timestamp="2022-04-22T16:21:34 NZST">
  <testcase classname="com.nahidmahmud.javaapiautomation101.reqresin.GetUserTest" name="test_learning_getMethodUserById on test_learning_getMethodUserById(com.nahidmahmud.javaapiautomation101.reqresin.GetUserTest)" time="0.199"/>
</testsuite> <!-- Command line test -->
